#
# A fatal error has been detected by the Java Runtime Environment:
#
#  EXCEPTION_ACCESS_VIOLATION (0xc0000005) at pc=0x00007ff83dae3146, pid=14920, tid=13644
#
# JRE version: Java(TM) SE Runtime Environment (12.0.2+10) (build 12.0.2+10)
# Java VM: Java HotSpot(TM) 64-Bit Server VM (12.0.2+10, mixed mode, sharing, tiered, compressed oops, g1 gc, windows-amd64)
# Problematic frame:
# V  [jvm.dll+0x1a3146]
#
# No core dump will be written. Minidumps are not enabled by default on client versions of Windows
#
# If you would like to submit a bug report, please visit:
#   http://bugreport.java.com/bugreport/crash.jsp
#

---------------  S U M M A R Y ------------

Command Line: -javaagent:C:\Program Files\JetBrains\IntelliJ IDEA Community Edition 2020.3.2\lib\idea_rt.jar=58795:C:\Program Files\JetBrains\IntelliJ IDEA Community Edition 2020.3.2\bin -Dfile.encoding=UTF-8 com.quan12yt.trackingcronjob.TrackingCronjobApplication

Host: Intel(R) Core(TM) i5-3330 CPU @ 3.00GHz, 4 cores, 7G,  Windows 10 , 64 bit Build 18362 (10.0.18362.1316)
Time: Fri Apr  2 15:36:04 2021 SE Asia Standard Time elapsed time: 5 seconds (0d 0h 0m 5s)

---------------  T H R E A D  ---------------

Current thread (0x0000021ebed93800):  ConcurrentGCThread "G1 Conc#0" [stack: 0x0000007b43900000,0x0000007b43a00000] [id=13644]

Stack: [0x0000007b43900000,0x0000007b43a00000],  sp=0x0000007b439ff988,  free space=1022k
Native frames: (J=compiled Java code, j=interpreted, Vv=VM code, C=native code)
V  [jvm.dll+0x1a3146]


siginfo: EXCEPTION_ACCESS_VIOLATION (0xc0000005), reading address 0x0000000d3de91ef8


Register to memory mapping:

RIP=0x00007ff83dae3146 jvm.dll
RAX=0x4824104124104824 is an unknown value
RBX=0x4824104124104824 is an unknown value
RCX=0x0000000085c87780 is pointing into object: org.springframework.util.ConcurrentReferenceHashMap$SoftEntryReference 
{0x0000000085c87760} - klass: 'org/springframework/util/ConcurrentReferenceHashMap$SoftEntryReference'
RDX=0x0000000085c87780 is pointing into object: org.springframework.util.ConcurrentReferenceHashMap$SoftEntryReference 
{0x0000000085c87760} - klass: 'org/springframework/util/ConcurrentReferenceHashMap$SoftEntryReference'
RSP=0x0000007b439ff988 points into unknown readable memory: c8 a1 c3 3d f8 7f 00 00
RBP=0x0000007b439ffb01 points into unknown readable memory: 00 c0 85 00 00 00 00
RSI=0x0001000000000000 is an unknown value
RDI=0x0000000085c87780 is pointing into object: org.springframework.util.ConcurrentReferenceHashMap$SoftEntryReference 
{0x0000000085c87760} - klass: 'org/springframework/util/ConcurrentReferenceHashMap$SoftEntryReference'
R8 =0x4824104124104824 is an unknown value
R9 =0x0000000d3de91ef0 is an unknown value
R10=0x000000000000006b is an unknown value
R11=0x346dc5d63886594b is an unknown value
R12=0x0 is NULL
R13=0x0 is NULL
R14=0x0000021ed6cfa1d8 points into unknown readable memory: 24 48 10 24 41 10 25 48
R15=0x0000021ebed83f90 points into unknown readable memory: 00 18 d9 be 1e 02 00 00


Registers:
RAX=0x4824104124104824, RBX=0x4824104124104824, RCX=0x0000000085c87780, RDX=0x0000000085c87780
RSP=0x0000007b439ff988, RBP=0x0000007b439ffb01, RSI=0x0001000000000000, RDI=0x0000000085c87780
R8 =0x4824104124104824, R9 =0x0000000d3de91ef0, R10=0x000000000000006b, R11=0x346dc5d63886594b
R12=0x0000000000000000, R13=0x0000000000000000, R14=0x0000021ed6cfa1d8, R15=0x0000021ebed83f90
RIP=0x00007ff83dae3146, EFLAGS=0x0000000000010206

Top of Stack: (sp=0x0000007b439ff988)
0x0000007b439ff988:   00007ff83dc3a1c8 0000000085c8dfc0
0x0000007b439ff998:   00007ff83dc3a1c8 0000000000000000
0x0000007b439ff9a8:   000000000007270e 000000008588e960
0x0000007b439ff9b8:   0000021ebed97110 0000000085c87780
0x0000007b439ff9c8:   00007ff83dc39e3f 0000021ebed96fd0
0x0000007b439ff9d8:   0000007b439ffb60 00000008002db448
0x0000007b439ff9e8:   00000008002db450 000000008588e97c
0x0000007b439ff9f8:   00007ff83dc31f5d 000000008588e980
0x0000007b439ffa08:   000000008588e978 000000008588e960
0x0000007b439ffa18:   0000000085c8e4a0 0000021ebed94201
0x0000007b439ffa28:   0000007b439ffb20 00000008002db1f8
0x0000007b439ffa38:   00007ff83dc31771 0000000000000004
0x0000007b439ffa48:   0000007b439ffb60 000000008588e960
0x0000007b439ffa58:   0000021ebed96fd0 0000021ebed96fd0
0x0000007b439ffa68:   00007ff83dc42e89 000000008588e960
0x0000007b439ffa78:   0000000000000000 0000000000000040 

Instructions: (pc=0x00007ff83dae3146)
0x00007ff83dae3046:   89 44 24 28 0f 10 44 24 20 0f 11 86 80 03 00 00
0x00007ff83dae3056:   80 3d 94 3e 8f 00 00 74 15 8b 43 08 8b 0d c0 b9
0x00007ff83dae3066:   88 00 48 d3 e0 48 03 05 ae b9 88 00 eb 04 48 8b
0x00007ff83dae3076:   43 08 81 78 08 00 00 00 c0 73 7d 48 8b 4f 40 48
0x00007ff83dae3086:   8b d3 48 8b 01 ff 50 20 84 c0 75 6c 38 05 59 3e
0x00007ff83dae3096:   8f 00 74 15 8b 53 08 8b 0d 85 b9 88 00 48 d3 e2
0x00007ff83dae30a6:   48 03 15 73 b9 88 00 eb 04 48 8b 53 08 48 8b cb
0x00007ff83dae30b6:   48 89 5c 24 20 e8 80 00 00 00 80 7f 38 00 48 63
0x00007ff83dae30c6:   c8 48 89 4c 24 28 0f 28 44 24 20 74 17 0f 11 86
0x00007ff83dae30d6:   80 03 00 00 48 8b 5c 24 40 48 8b 74 24 48 48 83
0x00007ff83dae30e6:   c4 30 5f c3 48 8b 07 48 8d 54 24 20 48 8b cf 66
0x00007ff83dae30f6:   0f 7f 44 24 20 ff 50 38 48 8b 5c 24 40 48 8b 74
0x00007ff83dae3106:   24 48 48 83 c4 30 5f c3 cc cc 48 8b 49 40 48 8b
0x00007ff83dae3116:   01 48 ff 60 28 cc cc cc cc cc c2 00 00 cc cc cc
0x00007ff83dae3126:   cc cc cc cc cc cc cc cc cc cc 49 8b c0 c3 cc cc
0x00007ff83dae3136:   cc cc cc cc cc cc cc cc cc cc 4c 8b ca 48 8b d1
0x00007ff83dae3146:   45 8b 41 08 45 85 c0 7e 0e 41 f6 c0 01 75 56 41
0x00007ff83dae3156:   c1 f8 03 41 8b c0 c3 79 4c 80 3d 8b 3d 8f 00 00
0x00007ff83dae3166:   b8 0c 00 00 00 b9 10 00 00 00 0f 45 c8 8b 05 ab
0x00007ff83dae3176:   06 87 00 ff c8 4c 63 c8 48 63 14 11 41 8b c8 83
0x00007ff83dae3186:   e1 3f 48 d3 e2 41 8b c8 48 c1 f9 10 0f b6 c1 49
0x00007ff83dae3196:   8d 0c 11 49 f7 d1 48 03 c1 49 c1 e9 03 48 c1 e8
0x00007ff83dae31a6:   03 41 23 c1 c3 49 8b 01 49 8b c9 48 ff a0 08 01
0x00007ff83dae31b6:   00 00 cc cc cc cc cc cc cc cc 48 83 ec 38 0f 10
0x00007ff83dae31c6:   02 48 8b 49 40 48 8d 54 24 20 0f 29 44 24 20 e8
0x00007ff83dae31d6:   b6 f0 ff ff 48 83 c4 38 c3 cc 48 89 5c 24 08 55
0x00007ff83dae31e6:   56 57 41 54 41 55 41 56 41 57 48 8d 6c 24 e0 48
0x00007ff83dae31f6:   81 ec 20 01 00 00 48 8b 05 fd 39 8a 00 48 33 c4
0x00007ff83dae3206:   48 89 45 10 48 8b 05 af b8 8c 00 45 33 ed 4c 8b
0x00007ff83dae3216:   b5 80 00 00 00 4c 8b fa 48 8b bd 88 00 00 00 4d
0x00007ff83dae3226:   8b c6 49 8b d6 49 8b f1 48 8b 48 40 48 8b 59 48
0x00007ff83dae3236:   49 8b cf c7 45 c0 ff ff ff ff 44 89 6d d4 4c 89 


Stack slot to memory mapping:
stack at sp + 0 slots: 0x00007ff83dc3a1c8 jvm.dll
stack at sp + 1 slots: 0x0000000085c8dfc0 is an oop: org.springframework.util.ConcurrentReferenceHashMap$SoftEntryReference 
{0x0000000085c8dfc0} - klass: 'org/springframework/util/ConcurrentReferenceHashMap$SoftEntryReference'
stack at sp + 2 slots: 0x00007ff83dc3a1c8 jvm.dll
stack at sp + 3 slots: 0x0 is NULL
stack at sp + 4 slots: 0x000000000007270e is an unknown value
stack at sp + 5 slots: 0x000000008588e960 points into unknown readable memory: 19 00 00 00 00 00 00 00
stack at sp + 6 slots: 0x0000021ebed97110 points into unknown readable memory: 00 c7 21 3e f8 7f 00 00
stack at sp + 7 slots: 0x0000000085c87780 is pointing into object: org.springframework.util.ConcurrentReferenceHashMap$SoftEntryReference 
{0x0000000085c87760} - klass: 'org/springframework/util/ConcurrentReferenceHashMap$SoftEntryReference'


---------------  P R O C E S S  ---------------

Threads class SMR info:
_java_thread_list=0x0000021edf392a20, length=17, elements={
0x0000021ebed43800, 0x0000021edcf4c000, 0x0000021edcf4e000, 0x0000021edcf64000,
0x0000021edcf65000, 0x0000021edcf68000, 0x0000021edcf71000, 0x0000021edcf7a800,
0x0000021edd98e800, 0x0000021eddbea000, 0x0000021edde83800, 0x0000021ede835800,
0x0000021edf2a1000, 0x0000021ee0d10000, 0x0000021ee0ba0800, 0x0000021ee2fd9800,
0x0000021ee0c9c000
}

Java Threads: ( => current thread )
  0x0000021ebed43800 JavaThread "main" [_thread_blocked, id=19400, stack(0x0000007b43600000,0x0000007b43700000)]
  0x0000021edcf4c000 JavaThread "Reference Handler" daemon [_thread_blocked, id=12736, stack(0x0000007b43d00000,0x0000007b43e00000)]
  0x0000021edcf4e000 JavaThread "Finalizer" daemon [_thread_blocked, id=16080, stack(0x0000007b43e00000,0x0000007b43f00000)]
  0x0000021edcf64000 JavaThread "Signal Dispatcher" daemon [_thread_blocked, id=9208, stack(0x0000007b43f00000,0x0000007b44000000)]
  0x0000021edcf65000 JavaThread "Attach Listener" daemon [_thread_blocked, id=1640, stack(0x0000007b44000000,0x0000007b44100000)]
  0x0000021edcf68000 JavaThread "C2 CompilerThread0" daemon [_thread_in_native, id=6508, stack(0x0000007b44100000,0x0000007b44200000)]
  0x0000021edcf71000 JavaThread "C1 CompilerThread0" daemon [_thread_blocked, id=10836, stack(0x0000007b44200000,0x0000007b44300000)]
  0x0000021edcf7a800 JavaThread "Sweeper thread" daemon [_thread_blocked, id=17432, stack(0x0000007b44300000,0x0000007b44400000)]
  0x0000021edd98e800 JavaThread "Common-Cleaner" daemon [_thread_blocked, id=14444, stack(0x0000007b44400000,0x0000007b44500000)]
  0x0000021eddbea000 JavaThread "Monitor Ctrl-Break" daemon [_thread_in_native, id=16152, stack(0x0000007b44500000,0x0000007b44600000)]
  0x0000021edde83800 JavaThread "Service Thread" daemon [_thread_blocked, id=3620, stack(0x0000007b44600000,0x0000007b44700000)]
  0x0000021ede835800 JavaThread "C2 CompilerThread1" daemon [_thread_in_native, id=1664, stack(0x0000007b44a00000,0x0000007b44b00000)]
  0x0000021edf2a1000 JavaThread "Catalina-utility-1" [_thread_blocked, id=13860, stack(0x0000007b44d00000,0x0000007b44e00000)]
  0x0000021ee0d10000 JavaThread "Catalina-utility-2" [_thread_blocked, id=6352, stack(0x0000007b44e00000,0x0000007b44f00000)]
  0x0000021ee0ba0800 JavaThread "container-0" [_thread_blocked, id=19116, stack(0x0000007b44f00000,0x0000007b45000000)]
  0x0000021ee2fd9800 JavaThread "PostgreSQL-JDBC-SharedTimer-1" daemon [_thread_blocked, id=13656, stack(0x0000007b45100000,0x0000007b45200000)]
  0x0000021ee0c9c000 JavaThread "Network-packet-pool housekeeper" daemon [_thread_blocked, id=5952, stack(0x0000007b45200000,0x0000007b45300000)]

Other Threads:
  0x0000021edcf49800 VMThread "VM Thread" [stack: 0x0000007b43c00000,0x0000007b43d00000] [id=10328]
  0x0000021edde84800 WatcherThread [stack: 0x0000007b44700000,0x0000007b44800000] [id=14720]
  0x0000021ebed83000 GCTaskThread "GC Thread#0" [stack: 0x0000007b43700000,0x0000007b43800000] [id=3532]
  0x0000021ede329000 GCTaskThread "GC Thread#1" [stack: 0x0000007b44800000,0x0000007b44900000] [id=2424]
  0x0000021edecf3800 GCTaskThread "GC Thread#2" [stack: 0x0000007b44b00000,0x0000007b44c00000] [id=18236]
  0x0000021edecf4800 GCTaskThread "GC Thread#3" [stack: 0x0000007b44c00000,0x0000007b44d00000] [id=17636]
  0x0000021ebed91800 ConcurrentGCThread "G1 Main Marker" [stack: 0x0000007b43800000,0x0000007b43900000] [id=10528]
=>0x0000021ebed93800 ConcurrentGCThread "G1 Conc#0" [stack: 0x0000007b43900000,0x0000007b43a00000] [id=13644]
  0x0000021ebedee800 ConcurrentGCThread "G1 Refine#0" [stack: 0x0000007b43a00000,0x0000007b43b00000] [id=5312]
  0x0000021edd9e3800 ConcurrentGCThread "G1 Refine#1" [stack: 0x0000007b44900000,0x0000007b44a00000] [id=17128]
  0x0000021edcdb7000 ConcurrentGCThread "G1 Young RemSet Sampling" [stack: 0x0000007b43b00000,0x0000007b43c00000] [id=12352]

Threads with active compile tasks:
C2 CompilerThread0  4186       4       org.springframework.core.annotation.TypeMappedAnnotations$MergedAnnotationFinder::doWithAnnotations (75 bytes)
C2 CompilerThread1  4253   !   4       java.net.URL::<init> (543 bytes)

VM state:not at safepoint (normal execution)

VM Mutex/Monitor currently owned by a thread:  ([mutex/lock_event])
[0x0000021ebed3fe10] Heap_lock - owner thread: 0x0000021ebed43800

Heap address: 0x0000000084e00000, size: 1970 MB, Compressed Oops mode: 32-bit
Narrow klass base: 0x0000000800000000, Narrow klass shift: 3
Compressed class space size: 1073741824 Address: 0x0000000801190000

Heap:
 garbage-first heap   total 61440K, used 19967K [0x0000000084e00000, 0x0000000100000000)
  region size 1024K, 6 young (6144K), 4 survivors (4096K)
 Metaspace       used 35036K, capacity 36046K, committed 36176K, reserved 1081344K
  class space    used 4324K, capacity 4735K, committed 4784K, reserved 1048576K
Heap Regions: E=young(eden), S=young(survivor), O=old, HS=humongous(starts), HC=humongous(continues), CS=collection set, F=free, A=archive, TAMS=top-at-mark-start (previous, next)
|   0|0x0000000084e00000, 0x0000000084f00000, 0x0000000084f00000|100%|HS|  |TAMS 0x0000000084f00000, 0x0000000084f00000| Complete 
|   1|0x0000000084f00000, 0x0000000085000000, 0x0000000085000000|100%| O|  |TAMS 0x0000000085000000, 0x0000000085000000| Untracked 
|   2|0x0000000085000000, 0x0000000085100000, 0x0000000085100000|100%| O|  |TAMS 0x0000000085100000, 0x0000000085100000| Untracked 
|   3|0x0000000085100000, 0x0000000085200000, 0x0000000085200000|100%| O|  |TAMS 0x0000000085200000, 0x0000000085200000| Untracked 
|   4|0x0000000085200000, 0x0000000085300000, 0x0000000085300000|100%| O|  |TAMS 0x0000000085300000, 0x0000000085300000| Untracked 
|   5|0x0000000085300000, 0x0000000085400000, 0x0000000085400000|100%| O|  |TAMS 0x0000000085400000, 0x0000000085400000| Untracked 
|   6|0x0000000085400000, 0x00000000854f5000, 0x0000000085500000| 95%| O|  |TAMS 0x00000000854f5000, 0x00000000854f5000| Untracked 
|   7|0x0000000085500000, 0x0000000085600000, 0x0000000085600000|100%| O|  |TAMS 0x0000000085500000, 0x0000000085600000| Untracked 
|   8|0x0000000085600000, 0x0000000085700000, 0x0000000085700000|100%| O|  |TAMS 0x0000000085600000, 0x0000000085700000| Untracked 
|   9|0x0000000085700000, 0x0000000085800000, 0x0000000085800000|100%| O|  |TAMS 0x0000000085700000, 0x0000000085800000| Untracked 
|  10|0x0000000085800000, 0x0000000085900000, 0x0000000085900000|100%| O|  |TAMS 0x0000000085800000, 0x0000000085900000| Untracked 
|  11|0x0000000085900000, 0x0000000085a00000, 0x0000000085a00000|100%| O|  |TAMS 0x0000000085900000, 0x0000000085a00000| Untracked 
|  12|0x0000000085a00000, 0x0000000085b00000, 0x0000000085b00000|100%| O|  |TAMS 0x0000000085a00000, 0x0000000085b00000| Untracked 
|  13|0x0000000085b00000, 0x0000000085c00000, 0x0000000085c00000|100%| O|  |TAMS 0x0000000085b00000, 0x0000000085c00000| Untracked 
|  14|0x0000000085c00000, 0x0000000085cd7a00, 0x0000000085d00000| 84%| O|  |TAMS 0x0000000085c00000, 0x0000000085cd7a00| Untracked 
|  15|0x0000000085d00000, 0x0000000085d00000, 0x0000000085e00000|  0%| F|  |TAMS 0x0000000085d00000, 0x0000000085d00000| Untracked 
|  16|0x0000000085e00000, 0x0000000085e00000, 0x0000000085f00000|  0%| F|  |TAMS 0x0000000085e00000, 0x0000000085e00000| Untracked 
|  17|0x0000000085f00000, 0x0000000085f00000, 0x0000000086000000|  0%| F|  |TAMS 0x0000000085f00000, 0x0000000085f00000| Untracked 
|  18|0x0000000086000000, 0x0000000086000000, 0x0000000086100000|  0%| F|  |TAMS 0x0000000086000000, 0x0000000086000000| Untracked 
|  19|0x0000000086100000, 0x0000000086100000, 0x0000000086200000|  0%| F|  |TAMS 0x0000000086100000, 0x0000000086100000| Untracked 
|  20|0x0000000086200000, 0x0000000086200000, 0x0000000086300000|  0%| F|  |TAMS 0x0000000086200000, 0x0000000086200000| Untracked 
|  21|0x0000000086300000, 0x0000000086300000, 0x0000000086400000|  0%| F|  |TAMS 0x0000000086300000, 0x0000000086300000| Untracked 
|  22|0x0000000086400000, 0x0000000086400000, 0x0000000086500000|  0%| F|  |TAMS 0x0000000086400000, 0x0000000086400000| Untracked 
|  23|0x0000000086500000, 0x0000000086500000, 0x0000000086600000|  0%| F|  |TAMS 0x0000000086500000, 0x0000000086500000| Untracked 
|  24|0x0000000086600000, 0x0000000086600000, 0x0000000086700000|  0%| F|  |TAMS 0x0000000086600000, 0x0000000086600000| Untracked 
|  25|0x0000000086700000, 0x0000000086700000, 0x0000000086800000|  0%| F|  |TAMS 0x0000000086700000, 0x0000000086700000| Untracked 
|  26|0x0000000086800000, 0x0000000086800000, 0x0000000086900000|  0%| F|  |TAMS 0x0000000086800000, 0x0000000086800000| Untracked 
|  27|0x0000000086900000, 0x0000000086900000, 0x0000000086a00000|  0%| F|  |TAMS 0x0000000086900000, 0x0000000086900000| Untracked 
|  28|0x0000000086a00000, 0x0000000086a00000, 0x0000000086b00000|  0%| F|  |TAMS 0x0000000086a00000, 0x0000000086a00000| Untracked 
|  29|0x0000000086b00000, 0x0000000086b00000, 0x0000000086c00000|  0%| F|  |TAMS 0x0000000086b00000, 0x0000000086b00000| Untracked 
|  30|0x0000000086c00000, 0x0000000086c00000, 0x0000000086d00000|  0%| F|  |TAMS 0x0000000086c00000, 0x0000000086c00000| Untracked 
|  31|0x0000000086d00000, 0x0000000086d00000, 0x0000000086e00000|  0%| F|  |TAMS 0x0000000086d00000, 0x0000000086d00000| Untracked 
|  32|0x0000000086e00000, 0x0000000086e00000, 0x0000000086f00000|  0%| F|  |TAMS 0x0000000086e00000, 0x0000000086e00000| Untracked 
|  33|0x0000000086f00000, 0x0000000086fb3520, 0x0000000087000000| 70%| S|CS|TAMS 0x0000000086f00000, 0x0000000086f00000| Complete 
|  34|0x0000000087000000, 0x0000000087100000, 0x0000000087100000|100%| S|CS|TAMS 0x0000000087000000, 0x0000000087000000| Complete 
|  35|0x0000000087100000, 0x0000000087200000, 0x0000000087200000|100%| S|CS|TAMS 0x0000000087100000, 0x0000000087100000| Complete 
|  36|0x0000000087200000, 0x0000000087300000, 0x0000000087300000|100%| S|CS|TAMS 0x0000000087200000, 0x0000000087200000| Complete 
|  37|0x0000000087300000, 0x0000000087300000, 0x0000000087400000|  0%| F|  |TAMS 0x0000000087300000, 0x0000000087300000| Untracked 
|  38|0x0000000087400000, 0x0000000087400000, 0x0000000087500000|  0%| F|  |TAMS 0x0000000087400000, 0x0000000087400000| Untracked 
|  39|0x0000000087500000, 0x0000000087500000, 0x0000000087600000|  0%| F|  |TAMS 0x0000000087500000, 0x0000000087500000| Untracked 
|  40|0x0000000087600000, 0x0000000087600000, 0x0000000087700000|  0%| F|  |TAMS 0x0000000087600000, 0x0000000087600000| Untracked 
|  41|0x0000000087700000, 0x0000000087700000, 0x0000000087800000|  0%| F|  |TAMS 0x0000000087700000, 0x0000000087700000| Untracked 
|  42|0x0000000087800000, 0x0000000087800000, 0x0000000087900000|  0%| F|  |TAMS 0x0000000087800000, 0x0000000087800000| Untracked 
|  43|0x0000000087900000, 0x0000000087900000, 0x0000000087a00000|  0%| F|  |TAMS 0x0000000087900000, 0x0000000087900000| Untracked 
|  44|0x0000000087a00000, 0x0000000087a00000, 0x0000000087b00000|  0%| F|  |TAMS 0x0000000087a00000, 0x0000000087a00000| Untracked 
|  45|0x0000000087b00000, 0x0000000087b00000, 0x0000000087c00000|  0%| F|  |TAMS 0x0000000087b00000, 0x0000000087b00000| Untracked 
|  46|0x0000000087c00000, 0x0000000087c00000, 0x0000000087d00000|  0%| F|  |TAMS 0x0000000087c00000, 0x0000000087c00000| Untracked 
|  47|0x0000000087d00000, 0x0000000087d00000, 0x0000000087e00000|  0%| F|  |TAMS 0x0000000087d00000, 0x0000000087d00000| Untracked 
|  48|0x0000000087e00000, 0x0000000087e00000, 0x0000000087f00000|  0%| F|  |TAMS 0x0000000087e00000, 0x0000000087e00000| Untracked 
|  49|0x0000000087f00000, 0x0000000087f00000, 0x0000000088000000|  0%| F|  |TAMS 0x0000000087f00000, 0x0000000087f00000| Untracked 
|  50|0x0000000088000000, 0x0000000088000000, 0x0000000088100000|  0%| F|  |TAMS 0x0000000088000000, 0x0000000088000000| Untracked 
|  51|0x0000000088100000, 0x0000000088100000, 0x0000000088200000|  0%| F|  |TAMS 0x0000000088100000, 0x0000000088100000| Untracked 
| 113|0x000000008bf00000, 0x000000008bf00000, 0x000000008c000000|  0%| F|  |TAMS 0x000000008bf00000, 0x000000008bf00000| Untracked 
| 114|0x000000008c000000, 0x000000008c000000, 0x000000008c100000|  0%| F|  |TAMS 0x000000008c000000, 0x000000008c000000| Untracked 
| 115|0x000000008c100000, 0x000000008c100000, 0x000000008c200000|  0%| F|  |TAMS 0x000000008c100000, 0x000000008c100000| Untracked 
| 116|0x000000008c200000, 0x000000008c200000, 0x000000008c300000|  0%| F|  |TAMS 0x000000008c200000, 0x000000008c200000| Untracked 
| 117|0x000000008c300000, 0x000000008c300000, 0x000000008c400000|  0%| F|  |TAMS 0x000000008c300000, 0x000000008c300000| Untracked 
| 118|0x000000008c400000, 0x000000008c400000, 0x000000008c500000|  0%| F|  |TAMS 0x000000008c400000, 0x000000008c400000| Untracked 
| 119|0x000000008c500000, 0x000000008c57f1c0, 0x000000008c600000| 49%| E|  |TAMS 0x000000008c500000, 0x000000008c500000| Complete 
| 148|0x000000008e200000, 0x000000008e300000, 0x000000008e300000|100%| E|CS|TAMS 0x000000008e200000, 0x000000008e200000| Complete 

Card table byte_map: [0x0000021ed6500000,0x0000021ed68e0000] _byte_map_base: 0x0000021ed60d9000

Marking Bits (Prev, Next): (CMBitMap*) 0x0000021ebed83fe8, (CMBitMap*) 0x0000021ebed83fa8
 Prev Bits: [0x0000021ed8b90000, 0x0000021edaa58000)
 Next Bits: [0x0000021ed6cc0000, 0x0000021ed8b88000)

Polling page: 0x0000021ebce80000

Metaspace:

Usage:
  Non-class:     30.58 MB capacity,    29.99 MB ( 98%) used,   476.48 KB (  2%) free+waste,   122.44 KB ( <1%) overhead. 
      Class:      4.62 MB capacity,     4.22 MB ( 91%) used,   352.80 KB (  7%) free+waste,    58.13 KB (  1%) overhead. 
       Both:     35.20 MB capacity,    34.21 MB ( 97%) used,   829.28 KB (  2%) free+waste,   180.56 KB ( <1%) overhead. 

Virtual space:
  Non-class space:       32.00 MB reserved,      30.66 MB ( 96%) committed 
      Class space:        1.00 GB reserved,       4.67 MB ( <1%) committed 
             Both:        1.03 GB reserved,      35.33 MB (  3%) committed 

Chunk freelists:
   Non-Class:  6.13 KB
       Class:  128 bytes
        Both:  6.25 KB

CodeHeap 'non-profiled nmethods': size=120064Kb used=2157Kb max_used=2157Kb free=117907Kb
 bounds [0x0000021ecebe0000, 0x0000021ecee50000, 0x0000021ed6120000]
CodeHeap 'profiled nmethods': size=120000Kb used=9840Kb max_used=9840Kb free=110159Kb
 bounds [0x0000021ec76b0000, 0x0000021ec8060000, 0x0000021ecebe0000]
CodeHeap 'non-nmethods': size=5696Kb used=1197Kb max_used=1244Kb free=4499Kb
 bounds [0x0000021ec7120000, 0x0000021ec7390000, 0x0000021ec76b0000]
 total_blobs=5759 nmethods=3920 adapters=440
 compilation: enabled
              stopped_count=0, restarted_count=0
 full_count=0

Compilation events (10 events):
Event: 5.617 Thread 0x0000021edcf71000 4260  s    3       java.io.ByteArrayOutputStream::writeTo (14 bytes)
Event: 5.618 Thread 0x0000021edcf71000 nmethod 4260 0x0000021ec804c990 code [0x0000021ec804cb60, 0x0000021ec804cf70]
Event: 5.618 Thread 0x0000021edcf71000 4258       3       java.lang.reflect.ProxyGenerator$FieldInfo::write (50 bytes)
Event: 5.618 Thread 0x0000021edcf71000 nmethod 4258 0x0000021ec804d090 code [0x0000021ec804d380, 0x0000021ec804e3c0]
Event: 5.618 Thread 0x0000021edcf71000 4256       3       java.lang.reflect.ProxyGenerator$ConstantPool::getInterfaceMethodRef (33 bytes)
Event: 5.619 Thread 0x0000021edcf71000 nmethod 4256 0x0000021ec804e910 code [0x0000021ec804ebe0, 0x0000021ec804f910]
Event: 5.628 Thread 0x0000021edcf71000 4261       3       java.lang.reflect.ProxyGenerator$PrimitiveTypeInfo::get (13 bytes)
Event: 5.628 Thread 0x0000021edcf71000 nmethod 4261 0x0000021ec804fe90 code [0x0000021ec8050060, 0x0000021ec8050390]
Event: 5.645 Thread 0x0000021edcf71000 4262   !   3       com.sun.proxy.$Proxy43::annotationType (29 bytes)
Event: 5.646 Thread 0x0000021edcf71000 nmethod 4262 0x0000021ec8050490 code [0x0000021ec8050680, 0x0000021ec8050b20]

GC Heap History (10 events):
Event: 4.016 GC heap before
{Heap before GC invocations=7 (full 0):
 garbage-first heap   total 51200K, used 37148K [0x0000000084e00000, 0x0000000100000000)
  region size 1024K, 30 young (30720K), 7 survivors (7168K)
 Metaspace       used 23212K, capacity 24018K, committed 24240K, reserved 1071104K
  class space    used 2890K, capacity 3225K, committed 3248K, reserved 1048576K
}
Event: 4.030 GC heap after
{Heap after GC invocations=8 (full 0):
 garbage-first heap   total 51200K, used 15270K [0x0000000084e00000, 0x0000000100000000)
  region size 1024K, 4 young (4096K), 4 survivors (4096K)
 Metaspace       used 23212K, capacity 24018K, committed 24240K, reserved 1071104K
  class space    used 2890K, capacity 3225K, committed 3248K, reserved 1048576K
}
Event: 4.750 GC heap before
{Heap before GC invocations=8 (full 0):
 garbage-first heap   total 51200K, used 35750K [0x0000000084e00000, 0x0000000100000000)
  region size 1024K, 25 young (25600K), 4 survivors (4096K)
 Metaspace       used 27086K, capacity 28028K, committed 28208K, reserved 1073152K
  class space    used 3362K, capacity 3751K, committed 3888K, reserved 1048576K
}
Event: 4.758 GC heap after
{Heap after GC invocations=9 (full 0):
 garbage-first heap   total 51200K, used 17007K [0x0000000084e00000, 0x0000000100000000)
  region size 1024K, 4 young (4096K), 4 survivors (4096K)
 Metaspace       used 27086K, capacity 28028K, committed 28208K, reserved 1073152K
  class space    used 3362K, capacity 3751K, committed 3888K, reserved 1048576K
}
Event: 4.764 GC heap before
{Heap before GC invocations=9 (full 0):
 garbage-first heap   total 51200K, used 37487K [0x0000000084e00000, 0x0000000100000000)
  region size 1024K, 25 young (25600K), 4 survivors (4096K)
 Metaspace       used 27086K, capacity 28028K, committed 28208K, reserved 1073152K
  class space    used 3362K, capacity 3751K, committed 3888K, reserved 1048576K
}
Event: 4.770 GC heap after
{Heap after GC invocations=10 (full 0):
 garbage-first heap   total 61440K, used 17202K [0x0000000084e00000, 0x0000000100000000)
  region size 1024K, 2 young (2048K), 2 survivors (2048K)
 Metaspace       used 27086K, capacity 28028K, committed 28208K, reserved 1073152K
  class space    used 3362K, capacity 3751K, committed 3888K, reserved 1048576K
}
Event: 4.982 GC heap before
{Heap before GC invocations=10 (full 0):
 garbage-first heap   total 61440K, used 45874K [0x0000000084e00000, 0x0000000100000000)
  region size 1024K, 30 young (30720K), 2 survivors (2048K)
 Metaspace       used 27682K, capacity 28663K, committed 28720K, reserved 1075200K
  class space    used 3435K, capacity 3855K, committed 3888K, reserved 1048576K
}
Event: 4.986 GC heap after
{Heap after GC invocations=11 (full 0):
 garbage-first heap   total 61440K, used 17027K [0x0000000084e00000, 0x0000000100000000)
  region size 1024K, 2 young (2048K), 2 survivors (2048K)
 Metaspace       used 27682K, capacity 28663K, committed 28720K, reserved 1075200K
  class space    used 3435K, capacity 3855K, committed 3888K, reserved 1048576K
}
Event: 5.608 GC heap before
{Heap before GC invocations=11 (full 0):
 garbage-first heap   total 61440K, used 39555K [0x0000000084e00000, 0x0000000100000000)
  region size 1024K, 25 young (25600K), 2 survivors (2048K)
 Metaspace       used 34721K, capacity 35750K, committed 35920K, reserved 1081344K
  class space    used 4292K, capacity 4700K, committed 4784K, reserved 1048576K
}
Event: 5.614 GC heap after
{Heap after GC invocations=12 (full 0):
 garbage-first heap   total 61440K, used 18943K [0x0000000084e00000, 0x0000000100000000)
  region size 1024K, 4 young (4096K), 4 survivors (4096K)
 Metaspace       used 34721K, capacity 35750K, committed 35920K, reserved 1081344K
  class space    used 4292K, capacity 4700K, committed 4784K, reserved 1048576K
}

Deoptimization events (10 events):
Event: 5.315 Thread 0x0000021ebed43800 Uncommon trap: reason=class_check action=maybe_recompile pc=0x0000021ecede102c method=sun.security.util.math.intpoly.IntegerPolynomial$MutableElement.setSum(Lsun/security/util/math/IntegerModuloP;)Lsun/security/util/math/intpoly/IntegerPolynomial$MutableE
Event: 5.315 Thread 0x0000021ebed43800 Uncommon trap: reason=class_check action=maybe_recompile pc=0x0000021ecede102c method=sun.security.util.math.intpoly.IntegerPolynomial$MutableElement.setSum(Lsun/security/util/math/IntegerModuloP;)Lsun/security/util/math/intpoly/IntegerPolynomial$MutableE
Event: 5.351 Thread 0x0000021ebed43800 Uncommon trap: reason=unstable_if action=reinterpret pc=0x0000021ecedbe324 method=java.lang.StringCoding.decode(Ljava/lang/String;[BII)Ljava/lang/StringCoding$Result; @ 74 c2
Event: 5.367 Thread 0x0000021ebed43800 Uncommon trap: reason=unstable_if action=reinterpret pc=0x0000021ecedd5cd8 method=java.lang.CharacterDataLatin1.digit(II)I @ 7 c2
Event: 5.368 Thread 0x0000021ebed43800 Uncommon trap: reason=unstable_if action=reinterpret pc=0x0000021ecedd60e0 method=java.lang.CharacterDataLatin1.digit(II)I @ 7 c2
Event: 5.410 Thread 0x0000021ebed43800 Uncommon trap: reason=unstable_if action=reinterpret pc=0x0000021ecec442b0 method=java.lang.CharacterDataLatin1.isWhitespace(I)Z @ 14 c2
Event: 5.458 Thread 0x0000021ebed43800 Uncommon trap: reason=unstable_if action=reinterpret pc=0x0000021eced8d124 method=org.springframework.beans.factory.support.AbstractBeanFactory.isTypeMatch(Ljava/lang/String;Lorg/springframework/core/ResolvableType;Z)Z @ 581 c2
Event: 5.484 Thread 0x0000021ebed43800 Uncommon trap: reason=unstable_if action=reinterpret pc=0x0000021ecedbfec4 method=java.lang.PublicMethods$MethodList.filter([Ljava/lang/reflect/Method;Ljava/lang/String;[Ljava/lang/Class;Z)Ljava/lang/PublicMethods$MethodList; @ 43 c2
Event: 5.553 Thread 0x0000021ebed43800 Uncommon trap: reason=unstable_if action=reinterpret pc=0x0000021eceddb114 method=java.util.regex.Pattern$Branch.match(Ljava/util/regex/Matcher;ILjava/lang/CharSequence;)Z @ 19 c2
Event: 5.554 Thread 0x0000021ebed43800 Uncommon trap: reason=unstable_if action=reinterpret pc=0x0000021eceddc468 method=java.util.regex.Pattern$Branch.match(Ljava/util/regex/Matcher;ILjava/lang/CharSequence;)Z @ 19 c2

Classes redefined (0 events):
No events

Internal exceptions (10 events):
Event: 4.173 Thread 0x0000021ebed43800 Exception <a 'java/lang/NoSuchMethodError'{0x000000008c1912e8}: java.lang.invoke.DirectMethodHandle$Holder.invokeStatic(Ljava/lang/Object;ILjava/lang/Object;)V> (0x000000008c1912e8) thrown at [t:/workspace/open/src/hotspot/share/interpreter/linkResolver.c
Event: 4.306 Thread 0x0000021ebed43800 Exception <a 'java/lang/NoSuchMethodError'{0x0000000087528478}: java.lang.invoke.DirectMethodHandle$Holder.invokeStaticInit(Ljava/lang/Object;IIII)Ljava/lang/Object;> (0x0000000087528478) thrown at [t:/workspace/open/src/hotspot/share/interpreter/linkReso
Event: 4.589 Thread 0x0000021ebed43800 Exception <a 'java/lang/NoSuchMethodError'{0x00000000875d4418}: java.lang.invoke.DirectMethodHandle$Holder.invokeStaticInit(Ljava/lang/Object;Ljava/lang/Object;IIII)Ljava/lang/Object;> (0x00000000875d4418) thrown at [t:/workspace/open/src/hotspot/share/in
Event: 4.741 Thread 0x0000021ebed43800 Implicit null exception at 0x0000021ececb5264 to 0x0000021ececb7d2e
Event: 4.873 Thread 0x0000021ebed43800 Exception <a 'java/io/FileNotFoundException'{0x000000008725b788}> (0x000000008725b788) thrown at [t:/workspace/open/src/hotspot/share/prims/jni.cpp, line 615]
Event: 4.942 Thread 0x0000021ebed43800 Exception <a 'java/lang/NoSuchMethodError'{0x0000000086f93078}: java.lang.invoke.DirectMethodHandle$Holder.invokeInterface(Ljava/lang/Object;Ljava/lang/Object;Ljava/lang/Object;Ljava/lang/Object;)I> (0x0000000086f93078) thrown at [t:/workspace/open/src/ho
Event: 5.013 Thread 0x0000021ebed43800 Exception <a 'java/io/FileNotFoundException'{0x000000008c5784e0}> (0x000000008c5784e0) thrown at [t:/workspace/open/src/hotspot/share/prims/jni.cpp, line 615]
Event: 5.172 Thread 0x0000021ebed43800 Exception <a 'java/lang/NoSuchMethodError'{0x000000008bfcb930}: java.lang.invoke.DirectMethodHandle$Holder.invokeStaticInit(Ljava/lang/Object;Ljava/lang/Object;Ljava/lang/Object;Ljava/lang/Object;)I> (0x000000008bfcb930) thrown at [t:/workspace/open/src/h
Event: 5.182 Thread 0x0000021ebed43800 Exception <a 'sun/nio/fs/WindowsException'{0x000000008bffd3e8}> (0x000000008bffd3e8) thrown at [t:/workspace/open/src/hotspot/share/prims/jni.cpp, line 615]
Event: 5.626 Thread 0x0000021ebed43800 Exception <a 'java/lang/NoSuchMethodError'{0x000000008e234ba0}: java.lang.invoke.DirectMethodHandle$Holder.invokeStaticInit(Ljava/lang/Object;Ljava/lang/Object;Ljava/lang/Object;Ljava/lang/Object;)Ljava/lang/Object;> (0x000000008e234ba0) thrown at [t:/wor

Events (10 events):
Event: 5.647 loading class org/springframework/instrument/classloading/SimpleThrowawayClassLoader done
Event: 5.647 loading class org/springframework/core/OverridingClassLoader
Event: 5.647 loading class org/springframework/core/OverridingClassLoader done
Event: 5.648 loading class org/springframework/instrument/InstrumentationSavingAgent
Event: 5.648 loading class org/springframework/instrument/InstrumentationSavingAgent done
Event: 5.648 loading class org/springframework/instrument$InstrumentationSavingAgent
Event: 5.648 loading class org/springframework/instrument$InstrumentationSavingAgent done
Event: 5.648 loading class org/springframework/orm/jpa/persistenceunit/PersistenceUnitReader
Event: 5.648 loading class org/springframework/orm/jpa/persistenceunit/PersistenceUnitReader done
Event: 5.649 Executing VM operation: CollectForMetadataAllocation


Dynamic libraries:
0x00007ff6a1b40000 - 0x00007ff6a1b4f000 	C:\Program Files\Java\jdk-12.0.2\bin\java.exe
0x00007ff8a41a0000 - 0x00007ff8a4390000 	C:\WINDOWS\SYSTEM32\ntdll.dll
0x00007ff8a2ad0000 - 0x00007ff8a2b82000 	C:\WINDOWS\System32\KERNEL32.DLL
0x00007ff8a1d90000 - 0x00007ff8a2035000 	C:\WINDOWS\System32\KERNELBASE.dll
0x000000006ad60000 - 0x000000006adf3000 	C:\WINDOWS\System32\SYSFER.DLL
0x00007ff8a19f0000 - 0x00007ff8a1aea000 	C:\WINDOWS\System32\ucrtbase.dll
0x00007ff894030000 - 0x00007ff894048000 	C:\Program Files\Java\jdk-12.0.2\bin\jli.dll
0x00007ff893de0000 - 0x00007ff893df6000 	C:\Program Files\Java\jdk-12.0.2\bin\VCRUNTIME140.dll
0x00007ff8a27b0000 - 0x00007ff8a2853000 	C:\WINDOWS\System32\ADVAPI32.dll
0x00007ff8a2ce0000 - 0x00007ff8a2d7e000 	C:\WINDOWS\System32\msvcrt.dll
0x00007ff8a3950000 - 0x00007ff8a39e7000 	C:\WINDOWS\System32\sechost.dll
0x00007ff8a2970000 - 0x00007ff8a2a8f000 	C:\WINDOWS\System32\RPCRT4.dll
0x00007ff8a23b0000 - 0x00007ff8a2544000 	C:\WINDOWS\System32\USER32.dll
0x00007ff8a1b90000 - 0x00007ff8a1bb1000 	C:\WINDOWS\System32\win32u.dll
0x00007ff8a3230000 - 0x00007ff8a3256000 	C:\WINDOWS\System32\GDI32.dll
0x00007ff8a1bc0000 - 0x00007ff8a1d58000 	C:\WINDOWS\System32\gdi32full.dll
0x00007ff8a1af0000 - 0x00007ff8a1b8e000 	C:\WINDOWS\System32\msvcp_win.dll
0x00007ff891400000 - 0x00007ff89140a000 	C:\WINDOWS\SYSTEM32\VERSION.dll
0x00007ff88e620000 - 0x00007ff88e8a4000 	C:\WINDOWS\WinSxS\amd64_microsoft.windows.common-controls_6595b64144ccf1df_6.0.18362.1316_none_9e7a364fe461dbd7\COMCTL32.dll
0x00007ff8a2d90000 - 0x00007ff8a30c7000 	C:\WINDOWS\System32\combase.dll
0x00007ff8a21c0000 - 0x00007ff8a2241000 	C:\WINDOWS\System32\bcryptPrimitives.dll
0x00007ff8a2aa0000 - 0x00007ff8a2ace000 	C:\WINDOWS\System32\IMM32.DLL
0x00007ff872240000 - 0x00007ff8722ea000 	C:\Program Files\Java\jdk-12.0.2\bin\msvcp140.dll
0x00007ff83d940000 - 0x00007ff83e4b7000 	C:\Program Files\Java\jdk-12.0.2\bin\server\jvm.dll
0x00007ff8a2d80000 - 0x00007ff8a2d88000 	C:\WINDOWS\System32\PSAPI.DLL
0x00007ff892fe0000 - 0x00007ff892fe9000 	C:\WINDOWS\SYSTEM32\WSOCK32.dll
0x00007ff8a30f0000 - 0x00007ff8a315f000 	C:\WINDOWS\System32\WS2_32.dll
0x00007ff89f150000 - 0x00007ff89f174000 	C:\WINDOWS\SYSTEM32\WINMM.dll
0x00007ff89f0f0000 - 0x00007ff89f11d000 	C:\WINDOWS\SYSTEM32\WINMMBASE.dll
0x00007ff8a2110000 - 0x00007ff8a215a000 	C:\WINDOWS\System32\cfgmgr32.dll
0x00007ff8a1060000 - 0x00007ff8a1071000 	C:\WINDOWS\System32\kernel.appcore.dll
0x00007ff893a40000 - 0x00007ff893a51000 	C:\Program Files\Java\jdk-12.0.2\bin\verify.dll
0x00007ff892750000 - 0x00007ff892944000 	C:\WINDOWS\SYSTEM32\DBGHELP.DLL
0x00007ff892720000 - 0x00007ff89274a000 	C:\WINDOWS\SYSTEM32\dbgcore.DLL
0x00007ff889c90000 - 0x00007ff889cb6000 	C:\Program Files\Java\jdk-12.0.2\bin\java.dll
0x00007ff89c870000 - 0x00007ff89c87e000 	C:\Program Files\Java\jdk-12.0.2\bin\instrument.dll
0x00007ff891cb0000 - 0x00007ff891cc7000 	C:\Program Files\Java\jdk-12.0.2\bin\zip.dll
0x00007ff8980c0000 - 0x00007ff8980ca000 	C:\Program Files\Java\jdk-12.0.2\bin\jimage.dll
0x00007ff8a3260000 - 0x00007ff8a3948000 	C:\WINDOWS\System32\SHELL32.dll
0x00007ff8a2550000 - 0x00007ff8a25f7000 	C:\WINDOWS\System32\shcore.dll
0x00007ff8a1270000 - 0x00007ff8a19eb000 	C:\WINDOWS\System32\windows.storage.dll
0x00007ff8a10f0000 - 0x00007ff8a1113000 	C:\WINDOWS\System32\profapi.dll
0x00007ff8a1080000 - 0x00007ff8a10ca000 	C:\WINDOWS\System32\powrprof.dll
0x00007ff8a1050000 - 0x00007ff8a1060000 	C:\WINDOWS\System32\UMPDC.dll
0x00007ff8a2750000 - 0x00007ff8a27a2000 	C:\WINDOWS\System32\shlwapi.dll
0x00007ff8a2040000 - 0x00007ff8a2057000 	C:\WINDOWS\System32\cryptsp.dll
0x00007ff889c70000 - 0x00007ff889c89000 	C:\Program Files\Java\jdk-12.0.2\bin\net.dll
0x00007ff89aa70000 - 0x00007ff89ab60000 	C:\WINDOWS\SYSTEM32\WINHTTP.dll
0x00007ff8961d0000 - 0x00007ff8963a6000 	C:\WINDOWS\SYSTEM32\urlmon.dll
0x00007ff896e00000 - 0x00007ff8970a7000 	C:\WINDOWS\SYSTEM32\iertutil.dll
0x00007ff8a0960000 - 0x00007ff8a096c000 	C:\WINDOWS\SYSTEM32\CRYPTBASE.DLL
0x00007ff8a07e0000 - 0x00007ff8a0847000 	C:\WINDOWS\system32\mswsock.dll
0x00007ff8883d0000 - 0x00007ff8883e3000 	C:\Program Files\Java\jdk-12.0.2\bin\nio.dll
0x00007ff898410000 - 0x00007ff89842a000 	C:\Program Files\JetBrains\IntelliJ IDEA Community Edition 2020.3.2\bin\breakgen64.dll
0x00007ff897230000 - 0x00007ff897239000 	C:\Program Files\Java\jdk-12.0.2\bin\management.dll
0x00007ff888380000 - 0x00007ff88838c000 	C:\Program Files\Java\jdk-12.0.2\bin\management_ext.dll
0x00007ff897280000 - 0x00007ff897296000 	C:\WINDOWS\system32\napinsp.dll
0x00007ff89a540000 - 0x00007ff89a55a000 	C:\WINDOWS\system32\pnrpnsp.dll
0x00007ff8a0550000 - 0x00007ff8a061b000 	C:\WINDOWS\SYSTEM32\DNSAPI.dll
0x00007ff8a39f0000 - 0x00007ff8a39f8000 	C:\WINDOWS\System32\NSI.dll
0x00007ff8a0500000 - 0x00007ff8a053a000 	C:\WINDOWS\SYSTEM32\IPHLPAPI.DLL
0x00007ff89daa0000 - 0x00007ff89daae000 	C:\WINDOWS\System32\winrnr.dll
0x00007ff89d990000 - 0x00007ff89d9ac000 	C:\WINDOWS\system32\NLAapi.dll
0x00007ff893260000 - 0x00007ff893275000 	C:\WINDOWS\system32\wshbth.dll
0x00007ff89a8f0000 - 0x00007ff89a8fa000 	C:\Windows\System32\rasadhlp.dll
0x00007ff89d620000 - 0x00007ff89d697000 	C:\WINDOWS\System32\fwpuclnt.dll
0x00007ff8a1d60000 - 0x00007ff8a1d86000 	C:\WINDOWS\System32\bcrypt.dll
0x00007ff8a0370000 - 0x00007ff8a03a3000 	C:\WINDOWS\system32\rsaenh.dll
0x00007ff8a0f70000 - 0x00007ff8a0f95000 	C:\WINDOWS\SYSTEM32\USERENV.dll
0x00007ff89d2c0000 - 0x00007ff89d2d6000 	C:\WINDOWS\SYSTEM32\dhcpcsvc6.DLL
0x00007ff89d280000 - 0x00007ff89d29c000 	C:\WINDOWS\SYSTEM32\dhcpcsvc.DLL
0x00007ff894130000 - 0x00007ff89413e000 	C:\Program Files\Java\jdk-12.0.2\bin\sunmscapi.dll
0x00007ff8a1120000 - 0x00007ff8a126a000 	C:\WINDOWS\System32\CRYPT32.dll
0x00007ff8a10d0000 - 0x00007ff8a10e2000 	C:\WINDOWS\System32\MSASN1.dll
0x00007ff8a0a60000 - 0x00007ff8a0a86000 	C:\WINDOWS\SYSTEM32\ncrypt.dll
0x00007ff8a0a20000 - 0x00007ff8a0a5b000 	C:\WINDOWS\SYSTEM32\NTASN1.dll
0x00007ff879da0000 - 0x00007ff879dc7000 	C:\Program Files\Java\jdk-12.0.2\bin\sunec.dll

dbghelp: loaded successfully - version: 4.0.5 - missing functions: none
symbol engine: initialized successfully - sym options: 0x614 - pdb path: .;C:\Program Files\Java\jdk-12.0.2\bin;C:\WINDOWS\SYSTEM32;C:\WINDOWS\WinSxS\amd64_microsoft.windows.common-controls_6595b64144ccf1df_6.0.18362.1316_none_9e7a364fe461dbd7;C:\Program Files\Java\jdk-12.0.2\bin\server;C:\Program Files\JetBrains\IntelliJ IDEA Community Edition 2020.3.2\bin

VM Arguments:
jvm_args: -javaagent:C:\Program Files\JetBrains\IntelliJ IDEA Community Edition 2020.3.2\lib\idea_rt.jar=58795:C:\Program Files\JetBrains\IntelliJ IDEA Community Edition 2020.3.2\bin -Dfile.encoding=UTF-8 
java_command: com.quan12yt.trackingcronjob.TrackingCronjobApplication
java_class_path (initial): C:\Users\quan.pham\Desktop\s3-cronjob-email\tracking-cronjob\target\classes;C:\Users\quan.pham\.m2\repository\org\springframework\boot\spring-boot-starter-data-jpa\2.4.3\spring-boot-starter-data-jpa-2.4.3.jar;C:\Users\quan.pham\.m2\repository\org\springframework\boot\spring-boot-starter-aop\2.4.3\spring-boot-starter-aop-2.4.3.jar;C:\Users\quan.pham\.m2\repository\org\springframework\spring-aop\5.3.4\spring-aop-5.3.4.jar;C:\Users\quan.pham\.m2\repository\org\aspectj\aspectjweaver\1.9.6\aspectjweaver-1.9.6.jar;C:\Users\quan.pham\.m2\repository\org\springframework\boot\spring-boot-starter-jdbc\2.4.3\spring-boot-starter-jdbc-2.4.3.jar;C:\Users\quan.pham\.m2\repository\org\springframework\spring-jdbc\5.3.4\spring-jdbc-5.3.4.jar;C:\Users\quan.pham\.m2\repository\jakarta\transaction\jakarta.transaction-api\1.3.3\jakarta.transaction-api-1.3.3.jar;C:\Users\quan.pham\.m2\repository\jakarta\persistence\jakarta.persistence-api\2.2.3\jakarta.persistence-api-2.2.3.jar;C:\Users\quan.pham\.m2\repository\org\hibernate\hibernate-core\5.4.28.Final\hibernate-core-5.4.28.Final.jar;C:\Users\quan.pham\.m2\repository\org\jboss\logging\jboss-logging\3.4.1.Final\jboss-logging-3.4.1.Final.jar;C:\Users\quan.pham\.m2\repository\net\bytebuddy\byte-buddy\1.10.20\byte-buddy-1.10.20.jar;C:\Users\quan.pham\.m2\repository\antlr\antlr\2.7.7\antlr-2.7.7.jar;C:\Users\quan.pham\.m2\repository\org\jboss\jandex\2.2.3.Final\jandex-2.2.3.Final.jar;C:\Users\quan.pham\.m2\repository\org\dom4j\dom4j\2.1.3\dom4j-2.1.3.jar;C:\Users\quan.pham\.m2\repository\org\hibernate\common\hibernate-commons-annotations\5.1.2.Final\hibernate-commons-annotations-5.1.2.Final.jar;C:\Users\quan.pham\.m2\repository\org\glassfish\jaxb\jaxb-runtime\2.3.3\jaxb-runtime-2.3.3.jar;C:\Users\quan.pham\.m2\repository\org\glassfish\jaxb\txw2\2.3.3\txw2-2.3.3.jar;C:\Users\quan.pham\.m2\repository\com\sun\istack\istack-commons-runtime\3.0.11\istack-commons-runtime-3.0.11.jar;C:\Users\quan.pham\.m2\repository\org\sp
Launcher Type: SUN_STANDARD

[Global flags]
     intx CICompilerCount                          = 3                                         {product} {ergonomic}
     uint ConcGCThreads                            = 1                                         {product} {ergonomic}
     uint G1ConcRefinementThreads                  = 4                                         {product} {ergonomic}
   size_t G1HeapRegionSize                         = 1048576                                   {product} {ergonomic}
    uintx GCDrainStackTargetSize                   = 64                                        {product} {ergonomic}
   size_t InitialHeapSize                          = 130023424                                 {product} {ergonomic}
   size_t MarkStackSize                            = 4194304                                   {product} {ergonomic}
   size_t MaxHeapSize                              = 2065694720                                {product} {ergonomic}
   size_t MaxNewSize                               = 1239416832                                {product} {ergonomic}
   size_t MinHeapDeltaBytes                        = 1048576                                   {product} {ergonomic}
    uintx NonNMethodCodeHeapSize                   = 5830732                                {pd product} {ergonomic}
    uintx NonProfiledCodeHeapSize                  = 122913754                              {pd product} {ergonomic}
    uintx ProfiledCodeHeapSize                     = 122913754                              {pd product} {ergonomic}
    uintx ReservedCodeCacheSize                    = 251658240                              {pd product} {ergonomic}
     bool SegmentedCodeCache                       = true                                      {product} {ergonomic}
     bool UseCompressedClassPointers               = true                                 {lp64_product} {ergonomic}
     bool UseCompressedOops                        = true                                 {lp64_product} {ergonomic}
     bool UseG1GC                                  = true                                      {product} {ergonomic}
     bool UseLargePagesIndividualAllocation        = false                                  {pd product} {ergonomic}

Logging:
Log output configuration:
 #0: stdout all=warning uptime,level,tags
 #1: stderr all=off uptime,level,tags

Environment Variables:
JAVA_HOME=C:\Program Files\Java\jdk-12.0.2
PATH=C:\WINDOWS\system32;C:\WINDOWS;C:\WINDOWS\System32\Wbem;C:\WINDOWS\System32\WindowsPowerShell\v1.0\;C:\WINDOWS\System32\OpenSSH\;C:\Program Files\TortoiseSVN\bin;C:\Program Files\Java\jdk-12.0.2\bin;C:\apache-maven-3.6.3\bin;C:\Program Files\Docker\Docker\resources\bin;C:\ProgramData\DockerDesktop\version-bin;C:\apache-zookeeper-3.6.2-bin\bin;C:\Program Files\Git\cmd;C:\elasticsearch-7.11.1\bin;C:\Program Files (x86)\PuTTY\;C:\Users\quan.pham\AppData\Local\Microsoft\WindowsApps;;C:\Program Files\JetBrains\IntelliJ IDEA Community Edition 2020.3.2\bin;
USERNAME=quan.pham
OS=Windows_NT
PROCESSOR_IDENTIFIER=Intel64 Family 6 Model 58 Stepping 9, GenuineIntel



---------------  S Y S T E M  ---------------

OS: Windows 10 , 64 bit Build 18362 (10.0.18362.1316)

CPU:total 4 (initial active 4) (4 cores per cpu, 1 threads per core) family 6 model 58 stepping 9, cmov, cx8, fxsr, mmx, sse, sse2, sse3, ssse3, sse4.1, sse4.2, popcnt, avx, aes, clmul, erms, tsc, tscinvbit, tscinv

Memory: 4k page, system-wide physical 7876M (1569M free)
TotalPageFile size 20676M (AvailPageFile size 8564M)
current process WorkingSet (physical memory assigned to process): 201M, peak: 231M
current process commit charge ("private bytes"): 229M, peak: 302M

vm_info: Java HotSpot(TM) 64-Bit Server VM (12.0.2+10) for windows-amd64 JRE (12.0.2+10), built on Jul 16 2019 01:56:17 by "mach5one" with MS VC++ 15.5 (VS2017)

END.
